<?xml version="1.0" encoding="UTF-8"?>
<robot generator="Robot 5.0.1 (Python 3.8.10 on linux)" generated="20221206 12:50:52.058" rpa="false" schemaversion="3">
<suite id="s1" name="SU9" source="/home/farah/Desktop/DRC-QualityAssurance/TS1-Signup/TC9/SU9.robot">
<test id="s1-t1" name="Navigate To Syntrade Signup Page" line="12">
<kw name="Open Browser" library="SeleniumLibrary">
<arg>https://app.syntrade.xyz/signup</arg>
<arg>chrome</arg>
<doc>Opens a new browser instance to the optional ``url``.</doc>
<msg timestamp="20221206 12:50:52.180" level="INFO">Opening browser 'chrome' to base url 'https://app.syntrade.xyz/signup'.</msg>
<status status="PASS" starttime="20221206 12:50:52.179" endtime="20221206 12:50:53.599"/>
</kw>
<kw name="Maximize Browser Window" library="SeleniumLibrary">
<doc>Maximizes current browser window.</doc>
<status status="PASS" starttime="20221206 12:50:53.599" endtime="20221206 12:50:53.708"/>
</kw>
<kw name="Wait Until Page Contains Element" library="SeleniumLibrary">
<arg>//*[@id="signup_form"]</arg>
<arg>10</arg>
<doc>Waits until the element ``locator`` appears on the current page.</doc>
<status status="PASS" starttime="20221206 12:50:53.709" endtime="20221206 12:50:53.745"/>
</kw>
<status status="PASS" starttime="20221206 12:50:52.178" endtime="20221206 12:50:53.746"/>
</test>
<test id="s1-t2" name="Input A Valid Email" line="17">
<kw name="Input Text" library="SeleniumLibrary">
<arg>email</arg>
<arg>testingqa@gmail.com</arg>
<doc>Types the given ``text`` into the text field identified by ``locator``.</doc>
<msg timestamp="20221206 12:50:53.748" level="INFO">Typing text 'testingqa@gmail.com' into text field 'email'.</msg>
<status status="PASS" starttime="20221206 12:50:53.748" endtime="20221206 12:50:53.906"/>
</kw>
<status status="PASS" starttime="20221206 12:50:53.747" endtime="20221206 12:50:53.906"/>
</test>
<test id="s1-t3" name="Input An Invalid Password" line="20">
<kw name="Input Text" library="SeleniumLibrary">
<arg>password</arg>
<arg>Abcde1</arg>
<doc>Types the given ``text`` into the text field identified by ``locator``.</doc>
<msg timestamp="20221206 12:50:53.910" level="INFO">Typing text 'Abcde1' into text field 'password'.</msg>
<status status="PASS" starttime="20221206 12:50:53.909" endtime="20221206 12:50:53.999"/>
</kw>
<kw name="Wait Until Page Contains Element" library="SeleniumLibrary">
<arg>invalid_password_msg</arg>
<arg>5</arg>
<doc>Waits until the element ``locator`` appears on the current page.</doc>
<status status="PASS" starttime="20221206 12:50:53.999" endtime="20221206 12:50:54.013"/>
</kw>
<status status="PASS" starttime="20221206 12:50:53.907" endtime="20221206 12:50:54.014"/>
</test>
<status status="PASS" starttime="20221206 12:50:52.059" endtime="20221206 12:50:54.015"/>
</suite>
<statistics>
<total>
<stat pass="3" fail="0" skip="0">All Tests</stat>
</total>
<tag>
</tag>
<suite>
<stat pass="3" fail="0" skip="0" id="s1" name="SU9">SU9</stat>
</suite>
</statistics>
<errors>
</errors>
</robot>
