<?xml version="1.0" encoding="UTF-8"?>
<robot generator="Robot 5.0.1 (Python 3.8.10 on linux)" generated="20221206 12:49:20.819" rpa="false" schemaversion="3">
<suite id="s1" name="SU15" source="/home/farah/Desktop/DRC-QualityAssurance/TS1-Signup/TC15/SU15.robot">
<test id="s1-t1" name="Navigate To Syntrade Signup Page" line="15">
<kw name="Open Browser" library="SeleniumLibrary">
<arg>https://app.syntrade.xyz/signup</arg>
<arg>chrome</arg>
<doc>Opens a new browser instance to the optional ``url``.</doc>
<msg timestamp="20221206 12:49:20.939" level="INFO">Opening browser 'chrome' to base url 'https://app.syntrade.xyz/signup'.</msg>
<status status="PASS" starttime="20221206 12:49:20.939" endtime="20221206 12:49:22.426"/>
</kw>
<kw name="Maximize Browser Window" library="SeleniumLibrary">
<doc>Maximizes current browser window.</doc>
<status status="PASS" starttime="20221206 12:49:22.427" endtime="20221206 12:49:22.534"/>
</kw>
<kw name="Wait Until Page Contains Element" library="SeleniumLibrary">
<arg>//*[@id="signup_form"]</arg>
<arg>10</arg>
<doc>Waits until the element ``locator`` appears on the current page.</doc>
<status status="PASS" starttime="20221206 12:49:22.534" endtime="20221206 12:49:22.555"/>
</kw>
<status status="PASS" starttime="20221206 12:49:20.938" endtime="20221206 12:49:22.555"/>
</test>
<test id="s1-t2" name="Click The Signup Button" line="20">
<kw name="Click Element" library="SeleniumLibrary">
<arg>submit</arg>
<doc>Click the element identified by ``locator``.</doc>
<msg timestamp="20221206 12:49:22.558" level="INFO">Clicking element 'submit'.</msg>
<status status="PASS" starttime="20221206 12:49:22.557" endtime="20221206 12:49:22.635"/>
</kw>
<kw name="Element Should Be Visible" library="SeleniumLibrary">
<arg>invalid_email_msg</arg>
<doc>Verifies that the element identified by ``locator`` is visible.</doc>
<msg timestamp="20221206 12:49:22.677" level="INFO">Element 'invalid_email_msg' is displayed.</msg>
<status status="PASS" starttime="20221206 12:49:22.636" endtime="20221206 12:49:22.677"/>
</kw>
<kw name="Element Should Be Visible" library="SeleniumLibrary">
<arg>password_error</arg>
<doc>Verifies that the element identified by ``locator`` is visible.</doc>
<msg timestamp="20221206 12:49:22.707" level="INFO">Element 'password_error' is displayed.</msg>
<status status="PASS" starttime="20221206 12:49:22.678" endtime="20221206 12:49:22.707"/>
</kw>
<kw name="Element Should Be Visible" library="SeleniumLibrary">
<arg>invalid_confirm_password_msg</arg>
<doc>Verifies that the element identified by ``locator`` is visible.</doc>
<msg timestamp="20221206 12:49:22.725" level="INFO">Element 'invalid_confirm_password_msg' is displayed.</msg>
<status status="PASS" starttime="20221206 12:49:22.707" endtime="20221206 12:49:22.725"/>
</kw>
<status status="PASS" starttime="20221206 12:49:22.556" endtime="20221206 12:49:22.726"/>
</test>
<status status="PASS" starttime="20221206 12:49:20.820" endtime="20221206 12:49:22.726"/>
</suite>
<statistics>
<total>
<stat pass="2" fail="0" skip="0">All Tests</stat>
</total>
<tag>
</tag>
<suite>
<stat pass="2" fail="0" skip="0" id="s1" name="SU15">SU15</stat>
</suite>
</statistics>
<errors>
</errors>
</robot>
