<?xml version="1.0" encoding="UTF-8"?>
<robot generator="Robot 5.0.1 (Python 3.8.10 on linux)" generated="20221206 12:49:58.052" rpa="false" schemaversion="3">
<suite id="s1" name="SU13" source="/home/farah/Desktop/DRC-QualityAssurance/TS1-Signup/TC13/SU13.robot">
<test id="s1-t1" name="Navigate To Syntrade Signup Page" line="13">
<kw name="Open Browser" library="SeleniumLibrary">
<arg>https://app.syntrade.xyz/signup</arg>
<arg>chrome</arg>
<doc>Opens a new browser instance to the optional ``url``.</doc>
<msg timestamp="20221206 12:49:58.170" level="INFO">Opening browser 'chrome' to base url 'https://app.syntrade.xyz/signup'.</msg>
<status status="PASS" starttime="20221206 12:49:58.170" endtime="20221206 12:50:00.217"/>
</kw>
<kw name="Maximize Browser Window" library="SeleniumLibrary">
<doc>Maximizes current browser window.</doc>
<status status="PASS" starttime="20221206 12:50:00.217" endtime="20221206 12:50:00.322"/>
</kw>
<kw name="Wait Until Page Contains Element" library="SeleniumLibrary">
<arg>//*[@id="signup_form"]</arg>
<arg>10</arg>
<doc>Waits until the element ``locator`` appears on the current page.</doc>
<status status="PASS" starttime="20221206 12:50:00.322" endtime="20221206 12:50:00.335"/>
</kw>
<status status="PASS" starttime="20221206 12:49:58.169" endtime="20221206 12:50:00.335"/>
</test>
<test id="s1-t2" name="Input A Valid Email" line="18">
<kw name="Input Text" library="SeleniumLibrary">
<arg>email</arg>
<arg>testingqa@gmail.com</arg>
<doc>Types the given ``text`` into the text field identified by ``locator``.</doc>
<msg timestamp="20221206 12:50:00.337" level="INFO">Typing text 'testingqa@gmail.com' into text field 'email'.</msg>
<status status="PASS" starttime="20221206 12:50:00.337" endtime="20221206 12:50:00.447"/>
</kw>
<status status="PASS" starttime="20221206 12:50:00.336" endtime="20221206 12:50:00.448"/>
</test>
<test id="s1-t3" name="Click The Signup Button" line="21">
<kw name="Click Element" library="SeleniumLibrary">
<arg>submit</arg>
<doc>Click the element identified by ``locator``.</doc>
<msg timestamp="20221206 12:50:00.451" level="INFO">Clicking element 'submit'.</msg>
<status status="PASS" starttime="20221206 12:50:00.450" endtime="20221206 12:50:00.497"/>
</kw>
<kw name="Element Should Be Visible" library="SeleniumLibrary">
<arg>password_error</arg>
<doc>Verifies that the element identified by ``locator`` is visible.</doc>
<msg timestamp="20221206 12:50:00.521" level="INFO">Element 'password_error' is displayed.</msg>
<status status="PASS" starttime="20221206 12:50:00.497" endtime="20221206 12:50:00.521"/>
</kw>
<kw name="Element Should Be Visible" library="SeleniumLibrary">
<arg>invalid_confirm_password_msg</arg>
<doc>Verifies that the element identified by ``locator`` is visible.</doc>
<msg timestamp="20221206 12:50:00.541" level="INFO">Element 'invalid_confirm_password_msg' is displayed.</msg>
<status status="PASS" starttime="20221206 12:50:00.521" endtime="20221206 12:50:00.542"/>
</kw>
<status status="PASS" starttime="20221206 12:50:00.449" endtime="20221206 12:50:00.542"/>
</test>
<status status="PASS" starttime="20221206 12:49:58.053" endtime="20221206 12:50:00.543"/>
</suite>
<statistics>
<total>
<stat pass="3" fail="0" skip="0">All Tests</stat>
</total>
<tag>
</tag>
<suite>
<stat pass="3" fail="0" skip="0" id="s1" name="SU13">SU13</stat>
</suite>
</statistics>
<errors>
</errors>
</robot>
