<?xml version="1.0" encoding="UTF-8"?>
<robot generator="Robot 5.0.1 (Python 3.8.10 on linux)" generated="20221206 12:49:01.706" rpa="false" schemaversion="3">
<suite id="s1" name="SU16" source="/home/farah/Desktop/DRC-QualityAssurance/TS1-Signup/TC16/SU16.robot">
<test id="s1-t1" name="Signup To Syntrade" line="13">
<kw name="Open Browser" library="SeleniumLibrary">
<arg>https://app.syntrade.xyz/signup</arg>
<arg>chrome</arg>
<doc>Opens a new browser instance to the optional ``url``.</doc>
<msg timestamp="20221206 12:49:01.824" level="INFO">Opening browser 'chrome' to base url 'https://app.syntrade.xyz/signup'.</msg>
<status status="PASS" starttime="20221206 12:49:01.823" endtime="20221206 12:49:03.253"/>
</kw>
<kw name="Maximize Browser Window" library="SeleniumLibrary">
<doc>Maximizes current browser window.</doc>
<status status="PASS" starttime="20221206 12:49:03.254" endtime="20221206 12:49:03.362"/>
</kw>
<kw name="Wait Until Page Contains Element" library="SeleniumLibrary">
<arg>//*[@id="signup_form"]</arg>
<arg>10</arg>
<doc>Waits until the element ``locator`` appears on the current page.</doc>
<status status="PASS" starttime="20221206 12:49:03.363" endtime="20221206 12:49:03.407"/>
</kw>
<kw name="Input Text" library="SeleniumLibrary">
<arg>email</arg>
<arg>testingqa@gmail.com</arg>
<doc>Types the given ``text`` into the text field identified by ``locator``.</doc>
<msg timestamp="20221206 12:49:03.408" level="INFO">Typing text 'testingqa@gmail.com' into text field 'email'.</msg>
<status status="PASS" starttime="20221206 12:49:03.408" endtime="20221206 12:49:03.524"/>
</kw>
<kw name="Input Text" library="SeleniumLibrary">
<arg>password</arg>
<arg>Abcd1234!</arg>
<doc>Types the given ``text`` into the text field identified by ``locator``.</doc>
<msg timestamp="20221206 12:49:03.524" level="INFO">Typing text 'Abcd1234!' into text field 'password'.</msg>
<status status="PASS" starttime="20221206 12:49:03.524" endtime="20221206 12:49:03.613"/>
</kw>
<kw name="Press Keys" library="SeleniumLibrary">
<arg>None</arg>
<arg>ENTER</arg>
<doc>Simulates the user pressing key(s) to an element or on the active browser.</doc>
<msg timestamp="20221206 12:49:03.613" level="INFO">Sending key(s) ('ENTER',) to page.</msg>
<msg timestamp="20221206 12:49:03.613" level="INFO">Pressing special key ENTER to browser.</msg>
<msg timestamp="20221206 12:49:03.613" level="INFO">Releasing special key ENTER.</msg>
<status status="PASS" starttime="20221206 12:49:03.613" endtime="20221206 12:49:03.628"/>
</kw>
<kw name="Press Keys" library="SeleniumLibrary">
<arg>None</arg>
<arg>TAB</arg>
<doc>Simulates the user pressing key(s) to an element or on the active browser.</doc>
<msg timestamp="20221206 12:49:03.628" level="INFO">Sending key(s) ('TAB',) to page.</msg>
<msg timestamp="20221206 12:49:03.628" level="INFO">Pressing special key TAB to browser.</msg>
<msg timestamp="20221206 12:49:03.628" level="INFO">Releasing special key TAB.</msg>
<status status="PASS" starttime="20221206 12:49:03.628" endtime="20221206 12:49:03.633"/>
</kw>
<kw name="Input Text" library="SeleniumLibrary">
<arg>confirm_password</arg>
<arg>Abcd1234!</arg>
<doc>Types the given ``text`` into the text field identified by ``locator``.</doc>
<msg timestamp="20221206 12:49:03.635" level="INFO">Typing text 'Abcd1234!' into text field 'confirm_password'.</msg>
<status status="PASS" starttime="20221206 12:49:03.634" endtime="20221206 12:49:03.727"/>
</kw>
<kw name="Press Keys" library="SeleniumLibrary">
<arg>None</arg>
<arg>ENTER</arg>
<doc>Simulates the user pressing key(s) to an element or on the active browser.</doc>
<msg timestamp="20221206 12:49:03.729" level="INFO">Sending key(s) ('ENTER',) to page.</msg>
<msg timestamp="20221206 12:49:03.729" level="INFO">Pressing special key ENTER to browser.</msg>
<msg timestamp="20221206 12:49:03.729" level="INFO">Releasing special key ENTER.</msg>
<status status="PASS" starttime="20221206 12:49:03.728" endtime="20221206 12:49:03.744"/>
</kw>
<kw name="Click Button" library="SeleniumLibrary">
<arg>submit</arg>
<doc>Clicks the button identified by ``locator``.</doc>
<msg timestamp="20221206 12:49:03.745" level="INFO">Clicking button 'submit'.</msg>
<status status="PASS" starttime="20221206 12:49:03.745" endtime="20221206 12:49:03.809"/>
</kw>
<status status="PASS" starttime="20221206 12:49:01.822" endtime="20221206 12:49:03.809"/>
</test>
<status status="PASS" starttime="20221206 12:49:01.706" endtime="20221206 12:49:03.810"/>
</suite>
<statistics>
<total>
<stat pass="1" fail="0" skip="0">All Tests</stat>
</total>
<tag>
</tag>
<suite>
<stat pass="1" fail="0" skip="0" id="s1" name="SU16">SU16</stat>
</suite>
</statistics>
<errors>
</errors>
</robot>
