<?xml version="1.0" encoding="UTF-8"?>
<robot generator="Robot 5.0.1 (Python 3.8.10 on linux)" generated="20221206 12:50:30.108" rpa="false" schemaversion="3">
<suite id="s1" name="SU11" source="/home/farah/Desktop/DRC-QualityAssurance/TS1-Signup/TC11/SU11.robot">
<test id="s1-t1" name="Navigate To Syntrade Signup Page" line="13">
<kw name="Open Browser" library="SeleniumLibrary">
<arg>https://app.syntrade.xyz/signup</arg>
<arg>chrome</arg>
<doc>Opens a new browser instance to the optional ``url``.</doc>
<msg timestamp="20221206 12:50:30.226" level="INFO">Opening browser 'chrome' to base url 'https://app.syntrade.xyz/signup'.</msg>
<status status="PASS" starttime="20221206 12:50:30.226" endtime="20221206 12:50:31.153"/>
</kw>
<kw name="Maximize Browser Window" library="SeleniumLibrary">
<doc>Maximizes current browser window.</doc>
<status status="PASS" starttime="20221206 12:50:31.153" endtime="20221206 12:50:31.262"/>
</kw>
<kw name="Wait Until Page Contains Element" library="SeleniumLibrary">
<arg>//*[@id="signup_form"]</arg>
<arg>10</arg>
<doc>Waits until the element ``locator`` appears on the current page.</doc>
<status status="PASS" starttime="20221206 12:50:31.262" endtime="20221206 12:50:31.282"/>
</kw>
<status status="PASS" starttime="20221206 12:50:30.225" endtime="20221206 12:50:31.282"/>
</test>
<test id="s1-t2" name="Input A Valid Email" line="18">
<kw name="Input Text" library="SeleniumLibrary">
<arg>email</arg>
<arg>testingqa@gmail.com</arg>
<doc>Types the given ``text`` into the text field identified by ``locator``.</doc>
<msg timestamp="20221206 12:50:31.286" level="INFO">Typing text 'testingqa@gmail.com' into text field 'email'.</msg>
<status status="PASS" starttime="20221206 12:50:31.285" endtime="20221206 12:50:31.428"/>
</kw>
<status status="PASS" starttime="20221206 12:50:31.284" endtime="20221206 12:50:31.429"/>
</test>
<test id="s1-t3" name="Input A Valid Password" line="21">
<kw name="Input Text" library="SeleniumLibrary">
<arg>password</arg>
<arg>Abcde1234!</arg>
<doc>Types the given ``text`` into the text field identified by ``locator``.</doc>
<msg timestamp="20221206 12:50:31.432" level="INFO">Typing text 'Abcde1234!' into text field 'password'.</msg>
<status status="PASS" starttime="20221206 12:50:31.431" endtime="20221206 12:50:31.537"/>
</kw>
<kw name="Press Keys" library="SeleniumLibrary">
<arg>None</arg>
<arg>ENTER</arg>
<doc>Simulates the user pressing key(s) to an element or on the active browser.</doc>
<msg timestamp="20221206 12:50:31.538" level="INFO">Sending key(s) ('ENTER',) to page.</msg>
<msg timestamp="20221206 12:50:31.538" level="INFO">Pressing special key ENTER to browser.</msg>
<msg timestamp="20221206 12:50:31.538" level="INFO">Releasing special key ENTER.</msg>
<status status="PASS" starttime="20221206 12:50:31.537" endtime="20221206 12:50:31.551"/>
</kw>
<kw name="Press Keys" library="SeleniumLibrary">
<arg>None</arg>
<arg>TAB</arg>
<doc>Simulates the user pressing key(s) to an element or on the active browser.</doc>
<msg timestamp="20221206 12:50:31.552" level="INFO">Sending key(s) ('TAB',) to page.</msg>
<msg timestamp="20221206 12:50:31.552" level="INFO">Pressing special key TAB to browser.</msg>
<msg timestamp="20221206 12:50:31.552" level="INFO">Releasing special key TAB.</msg>
<status status="PASS" starttime="20221206 12:50:31.551" endtime="20221206 12:50:31.561"/>
</kw>
<status status="PASS" starttime="20221206 12:50:31.430" endtime="20221206 12:50:31.561"/>
</test>
<test id="s1-t4" name="Input An Invalid Confirm Password" line="26">
<kw name="Input Text" library="SeleniumLibrary">
<arg>confirm_password</arg>
<arg>Abcd1234a!</arg>
<doc>Types the given ``text`` into the text field identified by ``locator``.</doc>
<msg timestamp="20221206 12:50:31.563" level="INFO">Typing text 'Abcd1234a!' into text field 'confirm_password'.</msg>
<status status="PASS" starttime="20221206 12:50:31.563" endtime="20221206 12:50:31.638"/>
</kw>
<kw name="Element Should Be Visible" library="SeleniumLibrary">
<arg>invalid_confirm_password_msg</arg>
<doc>Verifies that the element identified by ``locator`` is visible.</doc>
<msg timestamp="20221206 12:50:31.663" level="INFO">Element 'invalid_confirm_password_msg' is displayed.</msg>
<status status="PASS" starttime="20221206 12:50:31.639" endtime="20221206 12:50:31.663"/>
</kw>
<status status="PASS" starttime="20221206 12:50:31.562" endtime="20221206 12:50:31.664"/>
</test>
<status status="PASS" starttime="20221206 12:50:30.109" endtime="20221206 12:50:31.665"/>
</suite>
<statistics>
<total>
<stat pass="4" fail="0" skip="0">All Tests</stat>
</total>
<tag>
</tag>
<suite>
<stat pass="4" fail="0" skip="0" id="s1" name="SU11">SU11</stat>
</suite>
</statistics>
<errors>
</errors>
</robot>
