<?xml version="1.0" encoding="UTF-8"?>
<robot generator="Robot 5.0.1 (Python 3.8.10 on linux)" generated="20221206 12:48:26.047" rpa="false" schemaversion="3">
<suite id="s1" name="SU17" source="/home/farah/Desktop/DRC-QualityAssurance/TS1-Signup/TC17/SU17.robot">
<test id="s1-t1" name="Navigate To Syntrade Signup Page" line="14">
<kw name="Open Browser" library="SeleniumLibrary">
<arg>https://app.syntrade.xyz/signup</arg>
<arg>chrome</arg>
<doc>Opens a new browser instance to the optional ``url``.</doc>
<msg timestamp="20221206 12:48:26.166" level="INFO">Opening browser 'chrome' to base url 'https://app.syntrade.xyz/signup'.</msg>
<status status="PASS" starttime="20221206 12:48:26.165" endtime="20221206 12:48:28.780"/>
</kw>
<kw name="Maximize Browser Window" library="SeleniumLibrary">
<doc>Maximizes current browser window.</doc>
<status status="PASS" starttime="20221206 12:48:28.781" endtime="20221206 12:48:28.887"/>
</kw>
<kw name="Wait Until Page Contains Element" library="SeleniumLibrary">
<arg>//*[@id="signup_form"]</arg>
<arg>10</arg>
<doc>Waits until the element ``locator`` appears on the current page.</doc>
<status status="PASS" starttime="20221206 12:48:28.887" endtime="20221206 12:48:28.908"/>
</kw>
<status status="PASS" starttime="20221206 12:48:26.164" endtime="20221206 12:48:28.909"/>
</test>
<test id="s1-t2" name="Input A Valid Email" line="19">
<kw name="Input Text" library="SeleniumLibrary">
<arg>email</arg>
<arg>testingqa@gmail.com</arg>
<doc>Types the given ``text`` into the text field identified by ``locator``.</doc>
<msg timestamp="20221206 12:48:28.911" level="INFO">Typing text 'testingqa@gmail.com' into text field 'email'.</msg>
<status status="PASS" starttime="20221206 12:48:28.911" endtime="20221206 12:48:29.048"/>
</kw>
<status status="PASS" starttime="20221206 12:48:28.910" endtime="20221206 12:48:29.048"/>
</test>
<test id="s1-t3" name="Input A Valid Password" line="22">
<kw name="Input Text" library="SeleniumLibrary">
<arg>password</arg>
<arg>Abcde1234!</arg>
<doc>Types the given ``text`` into the text field identified by ``locator``.</doc>
<msg timestamp="20221206 12:48:29.052" level="INFO">Typing text 'Abcde1234!' into text field 'password'.</msg>
<status status="PASS" starttime="20221206 12:48:29.051" endtime="20221206 12:48:29.146"/>
</kw>
<kw name="Press Keys" library="SeleniumLibrary">
<arg>None</arg>
<arg>ENTER</arg>
<doc>Simulates the user pressing key(s) to an element or on the active browser.</doc>
<msg timestamp="20221206 12:48:29.147" level="INFO">Sending key(s) ('ENTER',) to page.</msg>
<msg timestamp="20221206 12:48:29.147" level="INFO">Pressing special key ENTER to browser.</msg>
<msg timestamp="20221206 12:48:29.147" level="INFO">Releasing special key ENTER.</msg>
<status status="PASS" starttime="20221206 12:48:29.146" endtime="20221206 12:48:29.159"/>
</kw>
<kw name="Press Keys" library="SeleniumLibrary">
<arg>None</arg>
<arg>TAB</arg>
<doc>Simulates the user pressing key(s) to an element or on the active browser.</doc>
<msg timestamp="20221206 12:48:29.161" level="INFO">Sending key(s) ('TAB',) to page.</msg>
<msg timestamp="20221206 12:48:29.161" level="INFO">Pressing special key TAB to browser.</msg>
<msg timestamp="20221206 12:48:29.161" level="INFO">Releasing special key TAB.</msg>
<status status="PASS" starttime="20221206 12:48:29.159" endtime="20221206 12:48:29.168"/>
</kw>
<status status="PASS" starttime="20221206 12:48:29.050" endtime="20221206 12:48:29.169"/>
</test>
<test id="s1-t4" name="Re-enter The Same Password" line="27">
<kw name="Input Text" library="SeleniumLibrary">
<arg>confirm_password</arg>
<arg>Abcde1234!</arg>
<doc>Types the given ``text`` into the text field identified by ``locator``.</doc>
<msg timestamp="20221206 12:48:29.172" level="INFO">Typing text 'Abcde1234!' into text field 'confirm_password'.</msg>
<status status="PASS" starttime="20221206 12:48:29.171" endtime="20221206 12:48:29.251"/>
</kw>
<kw name="Press Keys" library="SeleniumLibrary">
<arg>None</arg>
<arg>ENTER</arg>
<doc>Simulates the user pressing key(s) to an element or on the active browser.</doc>
<msg timestamp="20221206 12:48:29.252" level="INFO">Sending key(s) ('ENTER',) to page.</msg>
<msg timestamp="20221206 12:48:29.252" level="INFO">Pressing special key ENTER to browser.</msg>
<msg timestamp="20221206 12:48:29.252" level="INFO">Releasing special key ENTER.</msg>
<status status="PASS" starttime="20221206 12:48:29.251" endtime="20221206 12:48:29.264"/>
</kw>
<kw name="Element Should Not Be Visible" library="SeleniumLibrary">
<arg>invalid_confirm_password_msg</arg>
<doc>Verifies that the element identified by ``locator`` is NOT visible.</doc>
<msg timestamp="20221206 12:48:29.293" level="INFO">Element 'invalid_confirm_password_msg' exists but is not displayed.</msg>
<status status="PASS" starttime="20221206 12:48:29.264" endtime="20221206 12:48:29.293"/>
</kw>
<status status="PASS" starttime="20221206 12:48:29.170" endtime="20221206 12:48:29.293"/>
</test>
<test id="s1-t5" name="Click The Signup Button" line="32">
<kw name="Click Button" library="SeleniumLibrary">
<arg>submit</arg>
<doc>Clicks the button identified by ``locator``.</doc>
<msg timestamp="20221206 12:48:29.294" level="INFO">Clicking button 'submit'.</msg>
<status status="PASS" starttime="20221206 12:48:29.294" endtime="20221206 12:48:29.347"/>
</kw>
<status status="PASS" starttime="20221206 12:48:29.293" endtime="20221206 12:48:29.347"/>
</test>
<status status="PASS" starttime="20221206 12:48:26.047" endtime="20221206 12:48:29.348"/>
</suite>
<statistics>
<total>
<stat pass="5" fail="0" skip="0">All Tests</stat>
</total>
<tag>
</tag>
<suite>
<stat pass="5" fail="0" skip="0" id="s1" name="SU17">SU17</stat>
</suite>
</statistics>
<errors>
</errors>
</robot>
