<?xml version="1.0" encoding="UTF-8"?>
<robot generator="Robot 5.0.1 (Python 3.8.10 on linux)" generated="20221206 12:51:10.973" rpa="false" schemaversion="3">
<suite id="s1" name="SU8" source="/home/farah/Desktop/DRC-QualityAssurance/TS1-Signup/TC8/SU8.robot">
<test id="s1-t1" name="Navigate To Syntrade Signup Page" line="12">
<kw name="Open Browser" library="SeleniumLibrary">
<arg>https://app.syntrade.xyz/signup</arg>
<arg>chrome</arg>
<doc>Opens a new browser instance to the optional ``url``.</doc>
<msg timestamp="20221206 12:51:11.095" level="INFO">Opening browser 'chrome' to base url 'https://app.syntrade.xyz/signup'.</msg>
<status status="PASS" starttime="20221206 12:51:11.094" endtime="20221206 12:51:12.522"/>
</kw>
<kw name="Maximize Browser Window" library="SeleniumLibrary">
<doc>Maximizes current browser window.</doc>
<status status="PASS" starttime="20221206 12:51:12.523" endtime="20221206 12:51:12.631"/>
</kw>
<kw name="Wait Until Page Contains Element" library="SeleniumLibrary">
<arg>//*[@id="signup_form"]</arg>
<arg>10</arg>
<doc>Waits until the element ``locator`` appears on the current page.</doc>
<status status="PASS" starttime="20221206 12:51:12.631" endtime="20221206 12:51:12.658"/>
</kw>
<status status="PASS" starttime="20221206 12:51:11.093" endtime="20221206 12:51:12.658"/>
</test>
<test id="s1-t2" name="Input A Valid Email" line="17">
<kw name="Input Text" library="SeleniumLibrary">
<arg>email</arg>
<arg>testingqa@gmail.com</arg>
<doc>Types the given ``text`` into the text field identified by ``locator``.</doc>
<msg timestamp="20221206 12:51:12.661" level="INFO">Typing text 'testingqa@gmail.com' into text field 'email'.</msg>
<status status="PASS" starttime="20221206 12:51:12.661" endtime="20221206 12:51:12.783"/>
</kw>
<status status="PASS" starttime="20221206 12:51:12.659" endtime="20221206 12:51:12.783"/>
</test>
<test id="s1-t3" name="Input An Invalid Password" line="20">
<kw name="Input Text" library="SeleniumLibrary">
<arg>password</arg>
<arg>Abcdefghi</arg>
<doc>Types the given ``text`` into the text field identified by ``locator``.</doc>
<msg timestamp="20221206 12:51:12.787" level="INFO">Typing text 'Abcdefghi' into text field 'password'.</msg>
<status status="PASS" starttime="20221206 12:51:12.786" endtime="20221206 12:51:12.873"/>
</kw>
<kw name="Wait Until Page Contains Element" library="SeleniumLibrary">
<arg>invalid_password_msg</arg>
<arg>5</arg>
<doc>Waits until the element ``locator`` appears on the current page.</doc>
<status status="PASS" starttime="20221206 12:51:12.873" endtime="20221206 12:51:12.884"/>
</kw>
<status status="PASS" starttime="20221206 12:51:12.785" endtime="20221206 12:51:12.885"/>
</test>
<status status="PASS" starttime="20221206 12:51:10.974" endtime="20221206 12:51:12.887"/>
</suite>
<statistics>
<total>
<stat pass="3" fail="0" skip="0">All Tests</stat>
</total>
<tag>
</tag>
<suite>
<stat pass="3" fail="0" skip="0" id="s1" name="SU8">SU8</stat>
</suite>
</statistics>
<errors>
</errors>
</robot>
