<?xml version="1.0" encoding="UTF-8"?>
<robot generator="Robot 5.0.1 (Python 3.8.10 on linux)" generated="20221206 12:50:11.435" rpa="false" schemaversion="3">
<suite id="s1" name="SU12" source="/home/farah/Desktop/DRC-QualityAssurance/TS1-Signup/TC12/SU12.robot">
<test id="s1-t1" name="Navigate To Syntrade Signup Page" line="14">
<kw name="Open Browser" library="SeleniumLibrary">
<arg>https://app.syntrade.xyz/signup</arg>
<arg>chrome</arg>
<doc>Opens a new browser instance to the optional ``url``.</doc>
<msg timestamp="20221206 12:50:11.553" level="INFO">Opening browser 'chrome' to base url 'https://app.syntrade.xyz/signup'.</msg>
<status status="PASS" starttime="20221206 12:50:11.552" endtime="20221206 12:50:12.990"/>
</kw>
<kw name="Maximize Browser Window" library="SeleniumLibrary">
<doc>Maximizes current browser window.</doc>
<status status="PASS" starttime="20221206 12:50:12.991" endtime="20221206 12:50:13.097"/>
</kw>
<kw name="Wait Until Page Contains Element" library="SeleniumLibrary">
<arg>//*[@id="signup_form"]</arg>
<arg>10</arg>
<doc>Waits until the element ``locator`` appears on the current page.</doc>
<status status="PASS" starttime="20221206 12:50:13.098" endtime="20221206 12:50:13.112"/>
</kw>
<status status="PASS" starttime="20221206 12:50:11.552" endtime="20221206 12:50:13.112"/>
</test>
<test id="s1-t2" name="Input A Valid Email" line="19">
<kw name="Input Text" library="SeleniumLibrary">
<arg>email</arg>
<arg>testingqa@gmail.com</arg>
<doc>Types the given ``text`` into the text field identified by ``locator``.</doc>
<msg timestamp="20221206 12:50:13.114" level="INFO">Typing text 'testingqa@gmail.com' into text field 'email'.</msg>
<status status="PASS" starttime="20221206 12:50:13.114" endtime="20221206 12:50:13.230"/>
</kw>
<status status="PASS" starttime="20221206 12:50:13.113" endtime="20221206 12:50:13.230"/>
</test>
<test id="s1-t3" name="Input A Valid Password" line="22">
<kw name="Input Text" library="SeleniumLibrary">
<arg>password</arg>
<arg>Abcde1234!</arg>
<doc>Types the given ``text`` into the text field identified by ``locator``.</doc>
<msg timestamp="20221206 12:50:13.233" level="INFO">Typing text 'Abcde1234!' into text field 'password'.</msg>
<status status="PASS" starttime="20221206 12:50:13.233" endtime="20221206 12:50:13.324"/>
</kw>
<kw name="Press Keys" library="SeleniumLibrary">
<arg>None</arg>
<arg>ENTER</arg>
<doc>Simulates the user pressing key(s) to an element or on the active browser.</doc>
<msg timestamp="20221206 12:50:13.325" level="INFO">Sending key(s) ('ENTER',) to page.</msg>
<msg timestamp="20221206 12:50:13.326" level="INFO">Pressing special key ENTER to browser.</msg>
<msg timestamp="20221206 12:50:13.326" level="INFO">Releasing special key ENTER.</msg>
<status status="PASS" starttime="20221206 12:50:13.324" endtime="20221206 12:50:13.336"/>
</kw>
<kw name="Press Keys" library="SeleniumLibrary">
<arg>None</arg>
<arg>TAB</arg>
<doc>Simulates the user pressing key(s) to an element or on the active browser.</doc>
<msg timestamp="20221206 12:50:13.337" level="INFO">Sending key(s) ('TAB',) to page.</msg>
<msg timestamp="20221206 12:50:13.337" level="INFO">Pressing special key TAB to browser.</msg>
<msg timestamp="20221206 12:50:13.337" level="INFO">Releasing special key TAB.</msg>
<status status="PASS" starttime="20221206 12:50:13.337" endtime="20221206 12:50:13.347"/>
</kw>
<status status="PASS" starttime="20221206 12:50:13.231" endtime="20221206 12:50:13.347"/>
</test>
<test id="s1-t4" name="Re-enter The Same Password" line="27">
<kw name="Input Text" library="SeleniumLibrary">
<arg>confirm_password</arg>
<arg>Abcde1234!</arg>
<doc>Types the given ``text`` into the text field identified by ``locator``.</doc>
<msg timestamp="20221206 12:50:13.349" level="INFO">Typing text 'Abcde1234!' into text field 'confirm_password'.</msg>
<status status="PASS" starttime="20221206 12:50:13.348" endtime="20221206 12:50:13.424"/>
</kw>
<kw name="Press Keys" library="SeleniumLibrary">
<arg>None</arg>
<arg>ENTER</arg>
<doc>Simulates the user pressing key(s) to an element or on the active browser.</doc>
<msg timestamp="20221206 12:50:13.425" level="INFO">Sending key(s) ('ENTER',) to page.</msg>
<msg timestamp="20221206 12:50:13.425" level="INFO">Pressing special key ENTER to browser.</msg>
<msg timestamp="20221206 12:50:13.425" level="INFO">Releasing special key ENTER.</msg>
<status status="PASS" starttime="20221206 12:50:13.424" endtime="20221206 12:50:13.439"/>
</kw>
<kw name="Element Should Not Be Visible" library="SeleniumLibrary">
<arg>invalid_confirm_password_msg</arg>
<doc>Verifies that the element identified by ``locator`` is NOT visible.</doc>
<msg timestamp="20221206 12:50:13.465" level="INFO">Element 'invalid_confirm_password_msg' exists but is not displayed.</msg>
<status status="PASS" starttime="20221206 12:50:13.439" endtime="20221206 12:50:13.466"/>
</kw>
<status status="PASS" starttime="20221206 12:50:13.348" endtime="20221206 12:50:13.466"/>
</test>
<status status="PASS" starttime="20221206 12:50:11.436" endtime="20221206 12:50:13.467"/>
</suite>
<statistics>
<total>
<stat pass="4" fail="0" skip="0">All Tests</stat>
</total>
<tag>
</tag>
<suite>
<stat pass="4" fail="0" skip="0" id="s1" name="SU12">SU12</stat>
</suite>
</statistics>
<errors>
</errors>
</robot>
