<?xml version="1.0" encoding="UTF-8"?>
<robot generator="Robot 5.0.1 (Python 3.8.10 on linux)" generated="20221206 13:01:55.540" rpa="false" schemaversion="3">
<suite id="s1" name="LP1" source="/home/farah/Desktop/DRC-QualityAssurance/TS2-Login/TC1/LP1.robot">
<test id="s1-t1" name="Open Syntrade Login Page" line="11">
<kw name="Open Browser" library="SeleniumLibrary">
<arg>https://app.syntrade.xyz/login</arg>
<arg>chrome</arg>
<doc>Opens a new browser instance to the optional ``url``.</doc>
<msg timestamp="20221206 13:01:55.664" level="INFO">Opening browser 'chrome' to base url 'https://app.syntrade.xyz/login'.</msg>
<status status="PASS" starttime="20221206 13:01:55.663" endtime="20221206 13:01:57.754"/>
</kw>
<kw name="Maximize Browser Window" library="SeleniumLibrary">
<doc>Maximizes current browser window.</doc>
<status status="PASS" starttime="20221206 13:01:57.755" endtime="20221206 13:01:57.864"/>
</kw>
<kw name="Wait Until Page Contains Element" library="SeleniumLibrary">
<arg>//*[@id="login_form"]</arg>
<arg>10</arg>
<doc>Waits until the element ``locator`` appears on the current page.</doc>
<status status="PASS" starttime="20221206 13:01:57.865" endtime="20221206 13:01:57.901"/>
</kw>
<status status="PASS" starttime="20221206 13:01:55.662" endtime="20221206 13:01:57.902"/>
</test>
<test id="s1-t2" name="Input An Invalid Email" line="16">
<kw name="Input Text" library="SeleniumLibrary">
<arg>email</arg>
<arg>testingqa@gmail</arg>
<doc>Types the given ``text`` into the text field identified by ``locator``.</doc>
<msg timestamp="20221206 13:01:57.904" level="INFO">Typing text 'testingqa@gmail' into text field 'email'.</msg>
<status status="PASS" starttime="20221206 13:01:57.903" endtime="20221206 13:01:58.004"/>
</kw>
<kw name="Element Should Be Visible" library="SeleniumLibrary">
<arg>invalid_email_msg</arg>
<doc>Verifies that the element identified by ``locator`` is visible.</doc>
<msg timestamp="20221206 13:01:58.029" level="INFO">Element 'invalid_email_msg' is displayed.</msg>
<status status="PASS" starttime="20221206 13:01:58.005" endtime="20221206 13:01:58.029"/>
</kw>
<status status="PASS" starttime="20221206 13:01:57.903" endtime="20221206 13:01:58.029"/>
</test>
<status status="PASS" starttime="20221206 13:01:55.541" endtime="20221206 13:01:58.030"/>
</suite>
<statistics>
<total>
<stat pass="2" fail="0" skip="0">All Tests</stat>
</total>
<tag>
</tag>
<suite>
<stat pass="2" fail="0" skip="0" id="s1" name="LP1">LP1</stat>
</suite>
</statistics>
<errors>
</errors>
</robot>
